<?xml version="1.0" encoding="UTF-8"?>
<!-- Generated by org.testng.reporters.JUnitReportReporter -->
<testsuite hostname="Phable-135.local" failures="0" tests="2" name="Tests.SubmitOrderTest" time="0.000" errors="0" timestamp="30 Nov 2022 15:25:50 GMT" skipped="2">
  <testcase classname="Tests.SubmitOrderTest" name="OrderHistoryTest" time="0.000">
    <skipped/>
  </testcase> <!-- OrderHistoryTest -->
  <testcase classname="Tests.SubmitOrderTest" name="submitOrder" time="0.000">
    <skipped/>
  </testcase> <!-- submitOrder -->
</testsuite> <!-- Tests.SubmitOrderTest -->
