<?xml version="1.0" encoding="UTF-8"?>
<!-- Generated by org.testng.reporters.JUnitReportReporter -->
<testsuite hostname="Phable-135.local" failures="0" tests="2" name="Tests.ErrorValidationsTest" time="9.096" errors="0" timestamp="30 Nov 2022 15:25:50 GMT" skipped="0">
  <testcase classname="Tests.ErrorValidationsTest" name="LoginErrorValidation" time="4.753"/>
  <testcase classname="Tests.ErrorValidationsTest" name="ProductErrorValidation" time="4.343"/>
</testsuite> <!-- Tests.ErrorValidationsTest -->
